Analysis & Synthesis report for DecoderDemo
Sun Nov  3 14:35:09 2024
Quartus Prime Version 22.1std.2 Build 922 07/20/2023 SC Lite Edition


---------------------
; Table of Contents ;
---------------------
  1. Legal Notice
  2. Analysis & Synthesis Summary
  3. Analysis & Synthesis Settings
  4. Parallel Compilation
  5. Analysis & Synthesis Source Files Read
  6. Analysis & Synthesis Resource Usage Summary
  7. Analysis & Synthesis Resource Utilization by Entity
  8. General Register Statistics
  9. Port Connectivity Checks: "Dec4_16:decoder_instance|Dec2_4:low_decoder3"
 10. Port Connectivity Checks: "Dec4_16:decoder_instance|Dec2_4:low_decoder2"
 11. Port Connectivity Checks: "Dec4_16:decoder_instance|Dec2_4:low_decoder1"
 12. Port Connectivity Checks: "Dec4_16:decoder_instance|Dec2_4:low_decoder0"
 13. Post-Synthesis Netlist Statistics for Top Partition
 14. Elapsed Time Per Partition
 15. Analysis & Synthesis Messages



----------------
; Legal Notice ;
----------------
Copyright (C) 2023  Intel Corporation. All rights reserved.
Your use of Intel Corporation's design tools, logic functions 
and other software and tools, and any partner logic 
functions, and any output files from any of the foregoing 
(including device programming or simulation files), and any 
associated documentation or information are expressly subject 
to the terms and conditions of the Intel Program License 
Subscription Agreement, the Intel Quartus Prime License Agreement,
the Intel FPGA IP License Agreement, or other applicable license
agreement, including, without limitation, that your use is for
the sole purpose of programming logic devices manufactured by
Intel and sold by Intel or its authorized distributors.  Please
refer to the applicable agreement for further details, at
https://fpgasoftware.intel.com/eula.



+-------------------------------------------------------------------------------------+
; Analysis & Synthesis Summary                                                        ;
+------------------------------------+------------------------------------------------+
; Analysis & Synthesis Status        ; Successful - Sun Nov  3 14:35:09 2024          ;
; Quartus Prime Version              ; 22.1std.2 Build 922 07/20/2023 SC Lite Edition ;
; Revision Name                      ; DecoderDemo                                    ;
; Top-level Entity Name              ; DecoderDemo2                                   ;
; Family                             ; Cyclone IV E                                   ;
; Total logic elements               ; 19                                             ;
;     Total combinational functions  ; 19                                             ;
;     Dedicated logic registers      ; 0                                              ;
; Total registers                    ; 0                                              ;
; Total pins                         ; 22                                             ;
; Total virtual pins                 ; 0                                              ;
; Total memory bits                  ; 0                                              ;
; Embedded Multiplier 9-bit elements ; 0                                              ;
; Total PLLs                         ; 0                                              ;
+------------------------------------+------------------------------------------------+


+------------------------------------------------------------------------------------------------------------+
; Analysis & Synthesis Settings                                                                              ;
+------------------------------------------------------------------+--------------------+--------------------+
; Option                                                           ; Setting            ; Default Value      ;
+------------------------------------------------------------------+--------------------+--------------------+
; Top-level entity name                                            ; DecoderDemo2       ; DecoderDemo        ;
; Family name                                                      ; Cyclone IV E       ; Cyclone V          ;
; Use smart compilation                                            ; Off                ; Off                ;
; Enable parallel Assembler and Timing Analyzer during compilation ; On                 ; On                 ;
; Enable compact report table                                      ; Off                ; Off                ;
; Restructure Multiplexers                                         ; Auto               ; Auto               ;
; Create Debugging Nodes for IP Cores                              ; Off                ; Off                ;
; Preserve fewer node names                                        ; On                 ; On                 ;
; Intel FPGA IP Evaluation Mode                                    ; Enable             ; Enable             ;
; Verilog Version                                                  ; Verilog_2001       ; Verilog_2001       ;
; VHDL Version                                                     ; VHDL_1993          ; VHDL_1993          ;
; State Machine Processing                                         ; Auto               ; Auto               ;
; Safe State Machine                                               ; Off                ; Off                ;
; Extract Verilog State Machines                                   ; On                 ; On                 ;
; Extract VHDL State Machines                                      ; On                 ; On                 ;
; Ignore Verilog initial constructs                                ; Off                ; Off                ;
; Iteration limit for constant Verilog loops                       ; 5000               ; 5000               ;
; Iteration limit for non-constant Verilog loops                   ; 250                ; 250                ;
; Add Pass-Through Logic to Inferred RAMs                          ; On                 ; On                 ;
; Infer RAMs from Raw Logic                                        ; On                 ; On                 ;
; Parallel Synthesis                                               ; On                 ; On                 ;
; DSP Block Balancing                                              ; Auto               ; Auto               ;
; NOT Gate Push-Back                                               ; On                 ; On                 ;
; Power-Up Don't Care                                              ; On                 ; On                 ;
; Remove Redundant Logic Cells                                     ; Off                ; Off                ;
; Remove Duplicate Registers                                       ; On                 ; On                 ;
; Ignore CARRY Buffers                                             ; Off                ; Off                ;
; Ignore CASCADE Buffers                                           ; Off                ; Off                ;
; Ignore GLOBAL Buffers                                            ; Off                ; Off                ;
; Ignore ROW GLOBAL Buffers                                        ; Off                ; Off                ;
; Ignore LCELL Buffers                                             ; Off                ; Off                ;
; Ignore SOFT Buffers                                              ; On                 ; On                 ;
; Limit AHDL Integers to 32 Bits                                   ; Off                ; Off                ;
; Optimization Technique                                           ; Balanced           ; Balanced           ;
; Carry Chain Length                                               ; 70                 ; 70                 ;
; Auto Carry Chains                                                ; On                 ; On                 ;
; Auto Open-Drain Pins                                             ; On                 ; On                 ;
; Perform WYSIWYG Primitive Resynthesis                            ; Off                ; Off                ;
; Auto ROM Replacement                                             ; On                 ; On                 ;
; Auto RAM Replacement                                             ; On                 ; On                 ;
; Auto DSP Block Replacement                                       ; On                 ; On                 ;
; Auto Shift Register Replacement                                  ; Auto               ; Auto               ;
; Allow Shift Register Merging across Hierarchies                  ; Auto               ; Auto               ;
; Auto Clock Enable Replacement                                    ; On                 ; On                 ;
; Strict RAM Replacement                                           ; Off                ; Off                ;
; Allow Synchronous Control Signals                                ; On                 ; On                 ;
; Force Use of Synchronous Clear Signals                           ; Off                ; Off                ;
; Auto RAM Block Balancing                                         ; On                 ; On                 ;
; Auto RAM to Logic Cell Conversion                                ; Off                ; Off                ;
; Auto Resource Sharing                                            ; Off                ; Off                ;
; Allow Any RAM Size For Recognition                               ; Off                ; Off                ;
; Allow Any ROM Size For Recognition                               ; Off                ; Off                ;
; Allow Any Shift Register Size For Recognition                    ; Off                ; Off                ;
; Use LogicLock Constraints during Resource Balancing              ; On                 ; On                 ;
; Ignore translate_off and synthesis_off directives                ; Off                ; Off                ;
; Timing-Driven Synthesis                                          ; On                 ; On                 ;
; Report Parameter Settings                                        ; On                 ; On                 ;
; Report Source Assignments                                        ; On                 ; On                 ;
; Report Connectivity Checks                                       ; On                 ; On                 ;
; Ignore Maximum Fan-Out Assignments                               ; Off                ; Off                ;
; Synchronization Register Chain Length                            ; 2                  ; 2                  ;
; Power Optimization During Synthesis                              ; Normal compilation ; Normal compilation ;
; HDL message level                                                ; Level2             ; Level2             ;
; Suppress Register Optimization Related Messages                  ; Off                ; Off                ;
; Number of Removed Registers Reported in Synthesis Report         ; 5000               ; 5000               ;
; Number of Swept Nodes Reported in Synthesis Report               ; 5000               ; 5000               ;
; Number of Inverted Registers Reported in Synthesis Report        ; 100                ; 100                ;
; Clock MUX Protection                                             ; On                 ; On                 ;
; Auto Gated Clock Conversion                                      ; Off                ; Off                ;
; Block Design Naming                                              ; Auto               ; Auto               ;
; SDC constraint protection                                        ; Off                ; Off                ;
; Synthesis Effort                                                 ; Auto               ; Auto               ;
; Shift Register Replacement - Allow Asynchronous Clear Signal     ; On                 ; On                 ;
; Pre-Mapping Resynthesis Optimization                             ; Off                ; Off                ;
; Analysis & Synthesis Message Level                               ; Medium             ; Medium             ;
; Disable Register Merging Across Hierarchies                      ; Auto               ; Auto               ;
; Resource Aware Inference For Block RAM                           ; On                 ; On                 ;
+------------------------------------------------------------------+--------------------+--------------------+


+------------------------------------------+
; Parallel Compilation                     ;
+----------------------------+-------------+
; Processors                 ; Number      ;
+----------------------------+-------------+
; Number detected on machine ; 12          ;
; Maximum allowed            ; 12          ;
;                            ;             ;
; Average used               ; 1.00        ;
; Maximum used               ; 12          ;
;                            ;             ;
; Usage by Processor         ; % Time Used ;
;     Processor 1            ; 100.0%      ;
;     Processors 2-12        ;   0.0%      ;
+----------------------------+-------------+


+----------------------------------------------------------------------------------------------------------------------------------------------------------------------+
; Analysis & Synthesis Source Files Read                                                                                                                               ;
+----------------------------------+-----------------+------------------------+------------------------------------------------------------------------------+---------+
; File Name with User-Entered Path ; Used in Netlist ; File Type              ; File Name with Absolute Path                                                 ; Library ;
+----------------------------------+-----------------+------------------------+------------------------------------------------------------------------------+---------+
; Dec2_4.v                         ; yes             ; User Verilog HDL File  ; C:/Users/victo/OneDrive/future/ua_lessons/isd/QuartusProjects/Dec2_4.v       ;         ;
; Dec4_16.v                        ; yes             ; User Verilog HDL File  ; C:/Users/victo/OneDrive/future/ua_lessons/isd/QuartusProjects/Dec4_16.v      ;         ;
; DecoderDemo2.v                   ; yes             ; User Verilog HDL File  ; C:/Users/victo/OneDrive/future/ua_lessons/isd/QuartusProjects/DecoderDemo2.v ;         ;
+----------------------------------+-----------------+------------------------+------------------------------------------------------------------------------+---------+


+----------------------------------------------------------+
; Analysis & Synthesis Resource Usage Summary              ;
+---------------------------------------------+------------+
; Resource                                    ; Usage      ;
+---------------------------------------------+------------+
; Estimated Total logic elements              ; 19         ;
;                                             ;            ;
; Total combinational functions               ; 19         ;
; Logic element usage by number of LUT inputs ;            ;
;     -- 4 input functions                    ; 10         ;
;     -- 3 input functions                    ; 9          ;
;     -- <=2 input functions                  ; 0          ;
;                                             ;            ;
; Logic elements by mode                      ;            ;
;     -- normal mode                          ; 19         ;
;     -- arithmetic mode                      ; 0          ;
;                                             ;            ;
; Total registers                             ; 0          ;
;     -- Dedicated logic registers            ; 0          ;
;     -- I/O registers                        ; 0          ;
;                                             ;            ;
; I/O pins                                    ; 22         ;
;                                             ;            ;
; Embedded Multiplier 9-bit elements          ; 0          ;
;                                             ;            ;
; Maximum fan-out node                        ; X[1]~input ;
; Maximum fan-out                             ; 16         ;
; Total fan-out                               ; 105        ;
; Average fan-out                             ; 1.67       ;
+---------------------------------------------+------------+


+-----------------------------------------------------------------------------------------------------------------------------------------------------------------------------------------------------------------------------------------------------+
; Analysis & Synthesis Resource Utilization by Entity                                                                                                                                                                                                 ;
+-------------------------------+---------------------+---------------------------+-------------+--------------+---------+-----------+------+--------------+------------------------------------------------------------+--------------+--------------+
; Compilation Hierarchy Node    ; Combinational ALUTs ; Dedicated Logic Registers ; Memory Bits ; DSP Elements ; DSP 9x9 ; DSP 18x18 ; Pins ; Virtual Pins ; Full Hierarchy Name                                        ; Entity Name  ; Library Name ;
+-------------------------------+---------------------+---------------------------+-------------+--------------+---------+-----------+------+--------------+------------------------------------------------------------+--------------+--------------+
; |DecoderDemo2                 ; 19 (0)              ; 0 (0)                     ; 0           ; 0            ; 0       ; 0         ; 22   ; 0            ; |DecoderDemo2                                              ; DecoderDemo2 ; work         ;
;    |Dec4_16:decoder_instance| ; 19 (0)              ; 0 (0)                     ; 0           ; 0            ; 0       ; 0         ; 0    ; 0            ; |DecoderDemo2|Dec4_16:decoder_instance                     ; Dec4_16      ; work         ;
;       |Dec2_4:low_decoder0|   ; 6 (6)               ; 0 (0)                     ; 0           ; 0            ; 0       ; 0         ; 0    ; 0            ; |DecoderDemo2|Dec4_16:decoder_instance|Dec2_4:low_decoder0 ; Dec2_4       ; work         ;
;       |Dec2_4:low_decoder1|   ; 4 (4)               ; 0 (0)                     ; 0           ; 0            ; 0       ; 0         ; 0    ; 0            ; |DecoderDemo2|Dec4_16:decoder_instance|Dec2_4:low_decoder1 ; Dec2_4       ; work         ;
;       |Dec2_4:low_decoder2|   ; 5 (5)               ; 0 (0)                     ; 0           ; 0            ; 0       ; 0         ; 0    ; 0            ; |DecoderDemo2|Dec4_16:decoder_instance|Dec2_4:low_decoder2 ; Dec2_4       ; work         ;
;       |Dec2_4:low_decoder3|   ; 4 (4)               ; 0 (0)                     ; 0           ; 0            ; 0       ; 0         ; 0    ; 0            ; |DecoderDemo2|Dec4_16:decoder_instance|Dec2_4:low_decoder3 ; Dec2_4       ; work         ;
+-------------------------------+---------------------+---------------------------+-------------+--------------+---------+-----------+------+--------------+------------------------------------------------------------+--------------+--------------+
Note: For table entries with two numbers listed, the numbers in parentheses indicate the number of resources of the given type used by the specific entity alone. The numbers listed outside of parentheses indicate the total resources of the given type used by the specific entity and all of its sub-entities in the hierarchy.


+------------------------------------------------------+
; General Register Statistics                          ;
+----------------------------------------------+-------+
; Statistic                                    ; Value ;
+----------------------------------------------+-------+
; Total registers                              ; 0     ;
; Number of registers using Synchronous Clear  ; 0     ;
; Number of registers using Synchronous Load   ; 0     ;
; Number of registers using Asynchronous Clear ; 0     ;
; Number of registers using Asynchronous Load  ; 0     ;
; Number of registers using Clock Enable       ; 0     ;
; Number of registers using Preset             ; 0     ;
+----------------------------------------------+-------+


+--------------------------------------------------------------------------+
; Port Connectivity Checks: "Dec4_16:decoder_instance|Dec2_4:low_decoder3" ;
+------+-------+----------+------------------------------------------------+
; Port ; Type  ; Severity ; Details                                        ;
+------+-------+----------+------------------------------------------------+
; E0_L ; Input ; Info     ; Stuck at GND                                   ;
+------+-------+----------+------------------------------------------------+


+--------------------------------------------------------------------------+
; Port Connectivity Checks: "Dec4_16:decoder_instance|Dec2_4:low_decoder2" ;
+------+-------+----------+------------------------------------------------+
; Port ; Type  ; Severity ; Details                                        ;
+------+-------+----------+------------------------------------------------+
; E0_L ; Input ; Info     ; Stuck at GND                                   ;
+------+-------+----------+------------------------------------------------+


+--------------------------------------------------------------------------+
; Port Connectivity Checks: "Dec4_16:decoder_instance|Dec2_4:low_decoder1" ;
+------+-------+----------+------------------------------------------------+
; Port ; Type  ; Severity ; Details                                        ;
+------+-------+----------+------------------------------------------------+
; E0_L ; Input ; Info     ; Stuck at GND                                   ;
+------+-------+----------+------------------------------------------------+


+--------------------------------------------------------------------------+
; Port Connectivity Checks: "Dec4_16:decoder_instance|Dec2_4:low_decoder0" ;
+------+-------+----------+------------------------------------------------+
; Port ; Type  ; Severity ; Details                                        ;
+------+-------+----------+------------------------------------------------+
; E0_L ; Input ; Info     ; Stuck at GND                                   ;
+------+-------+----------+------------------------------------------------+


+-----------------------------------------------------+
; Post-Synthesis Netlist Statistics for Top Partition ;
+-----------------------+-----------------------------+
; Type                  ; Count                       ;
+-----------------------+-----------------------------+
; boundary_port         ; 22                          ;
; cycloneiii_lcell_comb ; 19                          ;
;     normal            ; 19                          ;
;         3 data inputs ; 9                           ;
;         4 data inputs ; 10                          ;
;                       ;                             ;
; Max LUT depth         ; 2.00                        ;
; Average LUT depth     ; 1.92                        ;
+-----------------------+-----------------------------+


+-------------------------------+
; Elapsed Time Per Partition    ;
+----------------+--------------+
; Partition Name ; Elapsed Time ;
+----------------+--------------+
; Top            ; 00:00:00     ;
+----------------+--------------+


+-------------------------------+
; Analysis & Synthesis Messages ;
+-------------------------------+
Info: *******************************************************************
Info: Running Quartus Prime Analysis & Synthesis
    Info: Version 22.1std.2 Build 922 07/20/2023 SC Lite Edition
    Info: Processing started: Sun Nov  3 14:34:56 2024
Info: Command: quartus_map --read_settings_files=on --write_settings_files=off DecoderDemo -c DecoderDemo
Warning (18236): Number of processors has not been specified which may cause overloading on shared machines.  Set the global assignment NUM_PARALLEL_PROCESSORS in your QSF to an appropriate value for best performance.
Info (20030): Parallel compilation is enabled and will use 12 of the 12 processors detected
Info (12021): Found 1 design units, including 1 entities, in source file dec2_4.v
    Info (12023): Found entity 1: Dec2_4 File: C:/Users/victo/OneDrive/future/ua_lessons/isd/QuartusProjects/Dec2_4.v Line: 2
Info (12021): Found 1 design units, including 1 entities, in source file decoderdemo.v
    Info (12023): Found entity 1: DecoderDemo File: C:/Users/victo/OneDrive/future/ua_lessons/isd/QuartusProjects/DecoderDemo.v Line: 2
Warning (12019): Can't analyze file -- file Dec2_4.bdf is missing
Info (12021): Found 1 design units, including 1 entities, in source file dec2_4_1.bdf
    Info (12023): Found entity 1: Dec2_4_1
Info (12021): Found 1 design units, including 1 entities, in source file dec4_16.v
    Info (12023): Found entity 1: Dec4_16 File: C:/Users/victo/OneDrive/future/ua_lessons/isd/QuartusProjects/Dec4_16.v Line: 2
Info (12021): Found 1 design units, including 1 entities, in source file decoderdemo2.v
    Info (12023): Found entity 1: DecoderDemo2 File: C:/Users/victo/OneDrive/future/ua_lessons/isd/QuartusProjects/DecoderDemo2.v Line: 2
Info (12021): Found 1 design units, including 1 entities, in source file decoderdemo3.v
    Info (12023): Found entity 1: DecoderDemo3 File: C:/Users/victo/OneDrive/future/ua_lessons/isd/QuartusProjects/DecoderDemo3.v Line: 2
Info (12127): Elaborating entity "DecoderDemo2" for the top level hierarchy
Info (12128): Elaborating entity "Dec4_16" for hierarchy "Dec4_16:decoder_instance" File: C:/Users/victo/OneDrive/future/ua_lessons/isd/QuartusProjects/DecoderDemo2.v Line: 15
Info (12128): Elaborating entity "Dec2_4" for hierarchy "Dec4_16:decoder_instance|Dec2_4:high_decoder" File: C:/Users/victo/OneDrive/future/ua_lessons/isd/QuartusProjects/Dec4_16.v Line: 22
Info (286030): Timing-Driven Synthesis is running
Info (16010): Generating hard_block partition "hard_block:auto_generated_inst"
    Info (16011): Adding 0 node(s), including 0 DDIO, 0 PLL, 0 transceiver and 0 LCELL
Info (21057): Implemented 41 device resources after synthesis - the final resource count might be different
    Info (21058): Implemented 6 input pins
    Info (21059): Implemented 16 output pins
    Info (21061): Implemented 19 logic cells
Info: Quartus Prime Analysis & Synthesis was successful. 0 errors, 2 warnings
    Info: Peak virtual memory: 4827 megabytes
    Info: Processing ended: Sun Nov  3 14:35:09 2024
    Info: Elapsed time: 00:00:13
    Info: Total CPU time (on all processors): 00:00:13


